Using pre-set license
Built from '2020.3/staging' branch; Version is '2020.3.6f1 (338bb68529b2) revision 3378102'; Using compiler version '192528614'; Build Type 'Release'
OS: 'Windows 10 Pro; OS build 19042.1237; Version 2009; 64bit' Language: 'en' Physical Memory: 16221 MB
BatchMode: 1, IsHumanControllingUs: 0, StartBugReporterOnCrash: 0, Is64bit: 1, IsPro: 0

 COMMAND LINE ARGUMENTS:
C:\Program Files\Unity\Hub\Editor\2020.3.6f1\Editor\Unity.exe
-adb2
-batchMode
-noUpm
-name
AssetImportWorker0
-projectPath
D:/ReezooProject/Understanding Of Pattern
-logFile
Logs/AssetImportWorker0.log
-srvPort
52407
Successfully changed project path to: D:/ReezooProject/Understanding Of Pattern
D:/ReezooProject/Understanding Of Pattern
Using Asset Import Pipeline V2.
Refreshing native plugins compatible for Editor in 65.02 ms, found 0 plugins.
Preloading 0 native plugins for Editor in 0.00 ms.
Initialize engine version: 2020.3.6f1 (338bb68529b2)
[Subsystems] Discovering subsystems at path C:/Program Files/Unity/Hub/Editor/2020.3.6f1/Editor/Data/Resources/UnitySubsystems
[Subsystems] Discovering subsystems at path D:/ReezooProject/Understanding Of Pattern/Assets
GfxDevice: creating device client; threaded=0
Direct3D:
    Version:  Direct3D 11.0 [level 11.1]
    Renderer: Intel(R) UHD Graphics (ID=0x9b41)
    Vendor:   
    VRAM:     8110 MB
    Driver:   27.20.100.9664
Initialize mono
Mono path[0] = 'C:/Program Files/Unity/Hub/Editor/2020.3.6f1/Editor/Data/Managed'
Mono path[1] = 'C:/Program Files/Unity/Hub/Editor/2020.3.6f1/Editor/Data/MonoBleedingEdge/lib/mono/unityjit'
Mono config path = 'C:/Program Files/Unity/Hub/Editor/2020.3.6f1/Editor/Data/MonoBleedingEdge/etc'
Using monoOptions --debugger-agent=transport=dt_socket,embedding=1,server=y,suspend=n,address=127.0.0.1:56916
Begin MonoManager ReloadAssembly
Registering precompiled unity dll's ...
Register platform support module: C:/Program Files/Unity/Hub/Editor/2020.3.6f1/Editor/Data/PlaybackEngines/WebGLSupport/UnityEditor.WebGL.Extensions.dll
Register platform support module: C:/Program Files/Unity/Hub/Editor/2020.3.6f1/Editor/Data/PlaybackEngines/WindowsStandaloneSupport/UnityEditor.WindowsStandalone.Extensions.dll
Registered in 0.005468 seconds.
Native extension for WindowsStandalone target not found
Native extension for WebGL target not found
Refreshing native plugins compatible for Editor in 43.05 ms, found 0 plugins.
Preloading 0 native plugins for Editor in 0.00 ms.
Mono: successfully reloaded assembly
- Completed reload, in  2.444 seconds
Platform modules already initialized, skipping
Registering precompiled user dll's ...
Registered in 0.004981 seconds.
Begin MonoManager ReloadAssembly
Native extension for WindowsStandalone target not found
Native extension for WebGL target not found
Refreshing native plugins compatible for Editor in 0.51 ms, found 0 plugins.
Preloading 0 native plugins for Editor in 0.00 ms.
Mono: successfully reloaded assembly
- Completed reload, in  1.330 seconds
Platform modules already initialized, skipping
========================================================================
Worker process is ready to serve import requests
Launched and connected shader compiler UnityShaderCompiler.exe after 0.05 seconds
Refreshing native plugins compatible for Editor in 0.46 ms, found 0 plugins.
Preloading 0 native plugins for Editor in 0.00 ms.
Unloading 1697 Unused Serialized files (Serialized files now loaded: 0)
System memory in use before: 72.9 MB.
System memory in use after: 72.9 MB.

Unloading 42 unused Assets to reduce memory usage. Loaded Objects now: 2118.
Total: 4.613600 ms (FindLiveObjects: 0.180400 ms CreateObjectMapping: 0.105300 ms MarkObjects: 4.267000 ms  DeleteObjects: 0.060000 ms)

========================================================================
Received Import Request.
  path: Assets/Script/Visitor Pattern/PowrUpHolde.cs
  artifactKey: Guid(4275f8e1aa184cd438b3ab3448e423aa) Importer(815301076,1909f56bfc062723c751e8b465ee728b)
Start importing Assets/Script/Visitor Pattern/PowrUpHolde.cs using Guid(4275f8e1aa184cd438b3ab3448e423aa) Importer(815301076,1909f56bfc062723c751e8b465ee728b)  -> (artifact id: '4825213db6fa3ff183d24001c2a12007') in 0.090604 seconds
  Import took 0.094464 seconds .

========================================================================
Received Import Request.
  Time since last request: 20.117051 seconds.
  path: Assets/Script/Visitor Pattern/PowrUpHolde.cs
  artifactKey: Guid(4275f8e1aa184cd438b3ab3448e423aa) Importer(815301076,1909f56bfc062723c751e8b465ee728b)
Start importing Assets/Script/Visitor Pattern/PowrUpHolde.cs using Guid(4275f8e1aa184cd438b3ab3448e423aa) Importer(815301076,1909f56bfc062723c751e8b465ee728b)  -> (artifact id: '0dddd0caca93773721c7c4fc54f25056') in 0.042854 seconds
  Import took 0.058635 seconds .

========================================================================
Received Import Request.
  Time since last request: 0.123983 seconds.
  path: Assets/Script/Visitor Pattern/PowrUpHolde.cs
  artifactKey: Guid(4275f8e1aa184cd438b3ab3448e423aa) Importer(815301076,1909f56bfc062723c751e8b465ee728b)
Start importing Assets/Script/Visitor Pattern/PowrUpHolde.cs using Guid(4275f8e1aa184cd438b3ab3448e423aa) Importer(815301076,1909f56bfc062723c751e8b465ee728b)  -> (artifact id: '0dddd0caca93773721c7c4fc54f25056') in 0.125454 seconds
  Import took 0.139088 seconds .

========================================================================
Received Prepare
Registering precompiled user dll's ...
Registered in 0.041593 seconds.
Begin MonoManager ReloadAssembly
Native extension for WindowsStandalone target not found
Native extension for WebGL target not found
Refreshing native plugins compatible for Editor in 0.70 ms, found 0 plugins.
Preloading 0 native plugins for Editor in 0.00 ms.
Mono: successfully reloaded assembly
- Completed reload, in  1.525 seconds
Platform modules already initialized, skipping
Refreshing native plugins compatible for Editor in 0.66 ms, found 0 plugins.
Preloading 0 native plugins for Editor in 0.00 ms.
Unloading 1691 Unused Serialized files (Serialized files now loaded: 0)
System memory in use before: 72.8 MB.
System memory in use after: 72.9 MB.

Unloading 33 unused Assets to reduce memory usage. Loaded Objects now: 2121.
Total: 8.786900 ms (FindLiveObjects: 0.391400 ms CreateObjectMapping: 0.104900 ms MarkObjects: 8.258500 ms  DeleteObjects: 0.030500 ms)

========================================================================
Received Import Request.
  Time since last request: 18.728317 seconds.
  path: Assets/Script/Visitor Pattern/PowrUpHolde.cs
  artifactKey: Guid(4275f8e1aa184cd438b3ab3448e423aa) Importer(815301076,1909f56bfc062723c751e8b465ee728b)
Start importing Assets/Script/Visitor Pattern/PowrUpHolde.cs using Guid(4275f8e1aa184cd438b3ab3448e423aa) Importer(815301076,1909f56bfc062723c751e8b465ee728b)  -> (artifact id: '3b1819565a253f78b5e9d67c4ba49b31') in 0.020672 seconds
  Import took 0.023560 seconds .

========================================================================
Received Prepare
Registering precompiled user dll's ...
Registered in 0.004446 seconds.
Begin MonoManager ReloadAssembly
Native extension for WindowsStandalone target not found
Native extension for WebGL target not found
Refreshing native plugins compatible for Editor in 0.55 ms, found 0 plugins.
Preloading 0 native plugins for Editor in 0.00 ms.
Mono: successfully reloaded assembly
- Completed reload, in  1.011 seconds
Platform modules already initialized, skipping
Refreshing native plugins compatible for Editor in 0.48 ms, found 0 plugins.
Preloading 0 native plugins for Editor in 0.00 ms.
Unloading 1691 Unused Serialized files (Serialized files now loaded: 0)
System memory in use before: 72.8 MB.
System memory in use after: 72.9 MB.

Unloading 33 unused Assets to reduce memory usage. Loaded Objects now: 2124.
Total: 4.648700 ms (FindLiveObjects: 0.163200 ms CreateObjectMapping: 0.057900 ms MarkObjects: 4.407300 ms  DeleteObjects: 0.019500 ms)

========================================================================
Received Prepare
Registering precompiled user dll's ...
Registered in 0.005638 seconds.
Begin MonoManager ReloadAssembly
Native extension for WindowsStandalone target not found
Native extension for WebGL target not found
Refreshing native plugins compatible for Editor in 0.53 ms, found 0 plugins.
Preloading 0 native plugins for Editor in 0.00 ms.
Mono: successfully reloaded assembly
- Completed reload, in  1.165 seconds
Platform modules already initialized, skipping
Refreshing native plugins compatible for Editor in 0.46 ms, found 0 plugins.
Preloading 0 native plugins for Editor in 0.00 ms.
Unloading 1690 Unused Serialized files (Serialized files now loaded: 0)
System memory in use before: 72.8 MB.
System memory in use after: 72.9 MB.

Unloading 33 unused Assets to reduce memory usage. Loaded Objects now: 2127.
Total: 5.003200 ms (FindLiveObjects: 0.200400 ms CreateObjectMapping: 0.059000 ms MarkObjects: 4.717500 ms  DeleteObjects: 0.025300 ms)

========================================================================
Received Import Request.
  Time since last request: 74.658107 seconds.
  path: Assets/Script/Visitor Pattern/PowrUpHolder.cs
  artifactKey: Guid(dba3fc04920bbb4469b1ead93a3ba9ba) Importer(815301076,1909f56bfc062723c751e8b465ee728b)
Start importing Assets/Script/Visitor Pattern/PowrUpHolder.cs using Guid(dba3fc04920bbb4469b1ead93a3ba9ba) Importer(815301076,1909f56bfc062723c751e8b465ee728b)  -> (artifact id: '25e39c5cf69d94d760d56e4f2bcfd195') in 0.029741 seconds
  Import took 0.033732 seconds .

========================================================================
Received Prepare
Registering precompiled user dll's ...
Registered in 0.004786 seconds.
Begin MonoManager ReloadAssembly
Native extension for WindowsStandalone target not found
Native extension for WebGL target not found
Refreshing native plugins compatible for Editor in 0.59 ms, found 0 plugins.
Preloading 0 native plugins for Editor in 0.00 ms.
Mono: successfully reloaded assembly
- Completed reload, in  1.488 seconds
Platform modules already initialized, skipping
Refreshing native plugins compatible for Editor in 0.55 ms, found 0 plugins.
Preloading 0 native plugins for Editor in 0.00 ms.
Unloading 1691 Unused Serialized files (Serialized files now loaded: 0)
System memory in use before: 72.9 MB.
System memory in use after: 73.0 MB.

Unloading 33 unused Assets to reduce memory usage. Loaded Objects now: 2131.
Total: 7.797600 ms (FindLiveObjects: 0.645400 ms CreateObjectMapping: 0.157800 ms MarkObjects: 6.954200 ms  DeleteObjects: 0.037300 ms)

========================================================================
Received Import Request.
  Time since last request: 22.833142 seconds.
  path: Assets/Script/Visitor Pattern/PowrUpHolder.cs
  artifactKey: Guid(dba3fc04920bbb4469b1ead93a3ba9ba) Importer(815301076,1909f56bfc062723c751e8b465ee728b)
Start importing Assets/Script/Visitor Pattern/PowrUpHolder.cs using Guid(dba3fc04920bbb4469b1ead93a3ba9ba) Importer(815301076,1909f56bfc062723c751e8b465ee728b)  -> (artifact id: 'e4968cf64a30e04256edbdf35570b495') in 0.020779 seconds
  Import took 0.023735 seconds .

========================================================================
Received Import Request.
  Time since last request: 0.047890 seconds.
  path: Assets/Script/Visitor Pattern/PowrUpHolder.cs
  artifactKey: Guid(dba3fc04920bbb4469b1ead93a3ba9ba) Importer(815301076,1909f56bfc062723c751e8b465ee728b)
Start importing Assets/Script/Visitor Pattern/PowrUpHolder.cs using Guid(dba3fc04920bbb4469b1ead93a3ba9ba) Importer(815301076,1909f56bfc062723c751e8b465ee728b)  -> (artifact id: 'e4968cf64a30e04256edbdf35570b495') in 0.016622 seconds
  Import took 0.021328 seconds .

========================================================================
Received Import Request.
  Time since last request: 13.393378 seconds.
  path: Assets/Script/Visitor Pattern/PowrUpHolder.cs
  artifactKey: Guid(dba3fc04920bbb4469b1ead93a3ba9ba) Importer(815301076,1909f56bfc062723c751e8b465ee728b)
Start importing Assets/Script/Visitor Pattern/PowrUpHolder.cs using Guid(dba3fc04920bbb4469b1ead93a3ba9ba) Importer(815301076,1909f56bfc062723c751e8b465ee728b)  -> (artifact id: 'b14e29adb54c34994e6edaa80af04c8a') in 0.014616 seconds
  Import took 0.017490 seconds .

========================================================================
Received Prepare
Registering precompiled user dll's ...
Registered in 0.004529 seconds.
Begin MonoManager ReloadAssembly
Native extension for WindowsStandalone target not found
Native extension for WebGL target not found
Refreshing native plugins compatible for Editor in 0.47 ms, found 0 plugins.
Preloading 0 native plugins for Editor in 0.00 ms.
Mono: successfully reloaded assembly
- Completed reload, in  0.931 seconds
Platform modules already initialized, skipping
Refreshing native plugins compatible for Editor in 0.51 ms, found 0 plugins.
Preloading 0 native plugins for Editor in 0.00 ms.
Unloading 1691 Unused Serialized files (Serialized files now loaded: 0)
System memory in use before: 72.9 MB.
System memory in use after: 73.0 MB.

Unloading 33 unused Assets to reduce memory usage. Loaded Objects now: 2134.
Total: 5.450200 ms (FindLiveObjects: 0.206800 ms CreateObjectMapping: 0.040000 ms MarkObjects: 5.182800 ms  DeleteObjects: 0.019100 ms)

========================================================================
Received Import Request.
  Time since last request: 192.416004 seconds.
  path: Assets/Script/Visitor Pattern/BikeController.cs
  artifactKey: Guid(8069e4ee3b0f6c24cbf7f6a610e31d79) Importer(815301076,1909f56bfc062723c751e8b465ee728b)
Start importing Assets/Script/Visitor Pattern/BikeController.cs using Guid(8069e4ee3b0f6c24cbf7f6a610e31d79) Importer(815301076,1909f56bfc062723c751e8b465ee728b)  -> (artifact id: 'a6fa27462db104ae9e7f75047a368171') in 0.019464 seconds
  Import took 0.022714 seconds .

========================================================================
Received Prepare
Registering precompiled user dll's ...
Registered in 0.003859 seconds.
Begin MonoManager ReloadAssembly
Native extension for WindowsStandalone target not found
Native extension for WebGL target not found
Refreshing native plugins compatible for Editor in 0.42 ms, found 0 plugins.
Preloading 0 native plugins for Editor in 0.00 ms.
Mono: successfully reloaded assembly
- Completed reload, in  0.925 seconds
Platform modules already initialized, skipping
Refreshing native plugins compatible for Editor in 0.45 ms, found 0 plugins.
Preloading 0 native plugins for Editor in 0.00 ms.
Unloading 1691 Unused Serialized files (Serialized files now loaded: 0)
System memory in use before: 72.9 MB.
System memory in use after: 73.0 MB.

Unloading 33 unused Assets to reduce memory usage. Loaded Objects now: 2137.
Total: 4.414000 ms (FindLiveObjects: 0.184000 ms CreateObjectMapping: 0.064800 ms MarkObjects: 4.145500 ms  DeleteObjects: 0.018500 ms)

========================================================================
Received Import Request.
  Time since last request: 466.007967 seconds.
  path: Assets/Script/Visitor Pattern/BikeController.cs
  artifactKey: Guid(8069e4ee3b0f6c24cbf7f6a610e31d79) Importer(815301076,1909f56bfc062723c751e8b465ee728b)
Start importing Assets/Script/Visitor Pattern/BikeController.cs using Guid(8069e4ee3b0f6c24cbf7f6a610e31d79) Importer(815301076,1909f56bfc062723c751e8b465ee728b)  -> (artifact id: '37546b9c0b8b86f815a45306782a3097') in 0.008291 seconds
  Import took 0.010716 seconds .

========================================================================
Received Prepare
Registering precompiled user dll's ...
Registered in 0.005476 seconds.
Begin MonoManager ReloadAssembly
Native extension for WindowsStandalone target not found
Native extension for WebGL target not found
Refreshing native plugins compatible for Editor in 0.49 ms, found 0 plugins.
Preloading 0 native plugins for Editor in 0.00 ms.
Mono: successfully reloaded assembly
- Completed reload, in  0.894 seconds
Platform modules already initialized, skipping
Refreshing native plugins compatible for Editor in 0.49 ms, found 0 plugins.
Preloading 0 native plugins for Editor in 0.00 ms.
Unloading 1691 Unused Serialized files (Serialized files now loaded: 0)
System memory in use before: 72.9 MB.
System memory in use after: 73.0 MB.

Unloading 33 unused Assets to reduce memory usage. Loaded Objects now: 2140.
Total: 4.732600 ms (FindLiveObjects: 0.251900 ms CreateObjectMapping: 0.063400 ms MarkObjects: 4.376500 ms  DeleteObjects: 0.039600 ms)

========================================================================
Received Import Request.
  Time since last request: 73.407509 seconds.
  path: ProjectSettings/TagManager.asset
  artifactKey: Guid(00000000000000003000000000000000) Importer(815301076,1909f56bfc062723c751e8b465ee728b)
Start importing ProjectSettings/TagManager.asset using Guid(00000000000000003000000000000000) Importer(815301076,1909f56bfc062723c751e8b465ee728b)  -> (artifact id: '0b2fe0110cdfb2f3886074d6b4243af2') in 0.025148 seconds
  Import took 0.027972 seconds .

========================================================================
Received Prepare
Registering precompiled user dll's ...
Registered in 0.003072 seconds.
Begin MonoManager ReloadAssembly
Native extension for WindowsStandalone target not found
Native extension for WebGL target not found
Refreshing native plugins compatible for Editor in 0.75 ms, found 0 plugins.
Preloading 0 native plugins for Editor in 0.00 ms.
Mono: successfully reloaded assembly
- Completed reload, in  0.883 seconds
Platform modules already initialized, skipping
Refreshing native plugins compatible for Editor in 0.45 ms, found 0 plugins.
Preloading 0 native plugins for Editor in 0.00 ms.
Unloading 1691 Unused Serialized files (Serialized files now loaded: 0)
System memory in use before: 72.9 MB.
System memory in use after: 73.0 MB.

Unloading 34 unused Assets to reduce memory usage. Loaded Objects now: 2143.
Total: 7.340300 ms (FindLiveObjects: 0.389600 ms CreateObjectMapping: 0.143700 ms MarkObjects: 6.783200 ms  DeleteObjects: 0.021700 ms)

========================================================================
Received Prepare
Registering precompiled user dll's ...
Registered in 0.002758 seconds.
Begin MonoManager ReloadAssembly
Native extension for WindowsStandalone target not found
Native extension for WebGL target not found
Refreshing native plugins compatible for Editor in 0.49 ms, found 0 plugins.
Preloading 0 native plugins for Editor in 0.00 ms.
Mono: successfully reloaded assembly
- Completed reload, in  0.917 seconds
Platform modules already initialized, skipping
Refreshing native plugins compatible for Editor in 0.49 ms, found 0 plugins.
Preloading 0 native plugins for Editor in 0.00 ms.
Unloading 1691 Unused Serialized files (Serialized files now loaded: 0)
System memory in use before: 72.9 MB.
System memory in use after: 73.0 MB.

Unloading 33 unused Assets to reduce memory usage. Loaded Objects now: 2146.
Total: 5.465400 ms (FindLiveObjects: 0.169900 ms CreateObjectMapping: 0.040700 ms MarkObjects: 5.233900 ms  DeleteObjects: 0.019400 ms)

========================================================================
Received Prepare
Registering precompiled user dll's ...
Registered in 0.002632 seconds.
Begin MonoManager ReloadAssembly
Native extension for WindowsStandalone target not found
Native extension for WebGL target not found
Refreshing native plugins compatible for Editor in 0.58 ms, found 0 plugins.
Preloading 0 native plugins for Editor in 0.00 ms.
Mono: successfully reloaded assembly
- Completed reload, in  1.018 seconds
Platform modules already initialized, skipping
Refreshing native plugins compatible for Editor in 0.48 ms, found 0 plugins.
Preloading 0 native plugins for Editor in 0.00 ms.
Unloading 1691 Unused Serialized files (Serialized files now loaded: 0)
System memory in use before: 72.9 MB.
System memory in use after: 73.0 MB.

Unloading 33 unused Assets to reduce memory usage. Loaded Objects now: 2149.
Total: 6.717000 ms (FindLiveObjects: 0.322000 ms CreateObjectMapping: 0.229700 ms MarkObjects: 6.138000 ms  DeleteObjects: 0.025600 ms)

========================================================================
Received Prepare
Registering precompiled user dll's ...
Registered in 0.003791 seconds.
Begin MonoManager ReloadAssembly
Native extension for WindowsStandalone target not found
Native extension for WebGL target not found
Refreshing native plugins compatible for Editor in 0.53 ms, found 0 plugins.
Preloading 0 native plugins for Editor in 0.00 ms.
Mono: successfully reloaded assembly
- Completed reload, in  0.907 seconds
Platform modules already initialized, skipping
Refreshing native plugins compatible for Editor in 0.49 ms, found 0 plugins.
Preloading 0 native plugins for Editor in 0.00 ms.
Unloading 1691 Unused Serialized files (Serialized files now loaded: 0)
System memory in use before: 72.9 MB.
System memory in use after: 73.0 MB.

Unloading 33 unused Assets to reduce memory usage. Loaded Objects now: 2152.
Total: 5.178600 ms (FindLiveObjects: 0.264300 ms CreateObjectMapping: 0.061500 ms MarkObjects: 4.829400 ms  DeleteObjects: 0.021800 ms)

========================================================================
Received Prepare
Registering precompiled user dll's ...
Registered in 0.003717 seconds.
Begin MonoManager ReloadAssembly
Native extension for WindowsStandalone target not found
Native extension for WebGL target not found
Refreshing native plugins compatible for Editor in 0.53 ms, found 0 plugins.
Preloading 0 native plugins for Editor in 0.00 ms.
Mono: successfully reloaded assembly
- Completed reload, in  1.012 seconds
Platform modules already initialized, skipping
Refreshing native plugins compatible for Editor in 0.61 ms, found 0 plugins.
Preloading 0 native plugins for Editor in 0.00 ms.
Unloading 1691 Unused Serialized files (Serialized files now loaded: 0)
System memory in use before: 72.9 MB.
System memory in use after: 73.0 MB.

Unloading 33 unused Assets to reduce memory usage. Loaded Objects now: 2155.
Total: 5.088200 ms (FindLiveObjects: 0.142200 ms CreateObjectMapping: 0.039800 ms MarkObjects: 4.884800 ms  DeleteObjects: 0.019800 ms)

========================================================================
Received Prepare
Registering precompiled user dll's ...
Registered in 0.003907 seconds.
Begin MonoManager ReloadAssembly
Native extension for WindowsStandalone target not found
Native extension for WebGL target not found
Refreshing native plugins compatible for Editor in 0.48 ms, found 0 plugins.
Preloading 0 native plugins for Editor in 0.00 ms.
Mono: successfully reloaded assembly
- Completed reload, in  0.906 seconds
Platform modules already initialized, skipping
Refreshing native plugins compatible for Editor in 0.50 ms, found 0 plugins.
Preloading 0 native plugins for Editor in 0.00 ms.
Unloading 1691 Unused Serialized files (Serialized files now loaded: 0)
System memory in use before: 72.9 MB.
System memory in use after: 73.0 MB.

Unloading 33 unused Assets to reduce memory usage. Loaded Objects now: 2158.
Total: 4.761100 ms (FindLiveObjects: 0.260900 ms CreateObjectMapping: 0.067900 ms MarkObjects: 4.411200 ms  DeleteObjects: 0.020100 ms)

========================================================================
Received Import Request.
  Time since last request: 1067.424201 seconds.
  path: Assets/Script/Visitor Pattern/BikeController.cs
  artifactKey: Guid(8069e4ee3b0f6c24cbf7f6a610e31d79) Importer(815301076,1909f56bfc062723c751e8b465ee728b)
Start importing Assets/Script/Visitor Pattern/BikeController.cs using Guid(8069e4ee3b0f6c24cbf7f6a610e31d79) Importer(815301076,1909f56bfc062723c751e8b465ee728b)  -> (artifact id: 'b69dde393d59d99e14e12601153709f7') in 0.017672 seconds
  Import took 0.024566 seconds .

========================================================================
Received Import Request.
  Time since last request: 0.005676 seconds.
  path: Assets/Script/Visitor Pattern/BikeController.cs
  artifactKey: Guid(8069e4ee3b0f6c24cbf7f6a610e31d79) Importer(815301076,1909f56bfc062723c751e8b465ee728b)
Start importing Assets/Script/Visitor Pattern/BikeController.cs using Guid(8069e4ee3b0f6c24cbf7f6a610e31d79) Importer(815301076,1909f56bfc062723c751e8b465ee728b)  -> (artifact id: 'b69dde393d59d99e14e12601153709f7') in 0.014289 seconds
  Import took 0.018332 seconds .

========================================================================
Received Prepare
Registering precompiled user dll's ...
Registered in 0.044528 seconds.
Begin MonoManager ReloadAssembly
Native extension for WindowsStandalone target not found
Native extension for WebGL target not found
Refreshing native plugins compatible for Editor in 0.45 ms, found 0 plugins.
Preloading 0 native plugins for Editor in 0.00 ms.
Mono: successfully reloaded assembly
- Completed reload, in  2.408 seconds
Platform modules already initialized, skipping
Refreshing native plugins compatible for Editor in 0.48 ms, found 0 plugins.
Preloading 0 native plugins for Editor in 0.00 ms.
Unloading 1691 Unused Serialized files (Serialized files now loaded: 0)
System memory in use before: 72.9 MB.
System memory in use after: 73.0 MB.

Unloading 33 unused Assets to reduce memory usage. Loaded Objects now: 2161.
Total: 4.760400 ms (FindLiveObjects: 0.158100 ms CreateObjectMapping: 0.050100 ms MarkObjects: 4.514900 ms  DeleteObjects: 0.035300 ms)

AssetImportWorkerClient::OnTransportError - code=2 error=End of file
